<?xml version="1.0" encoding="UTF-8"?>
<!-- Generated by org.testng.reporters.JUnitXMLReporter -->
<testsuite ignored="0" hostname="Lenovo-PC" failures="1" tests="8" name="Free CRM App Test Cases" time="174.947" errors="0" timestamp="02 May 2018 13:47:55 GMT">
  <testcase classname="com.crm.qa.testcases.LoginPageTest" name="LoginPageTitleTest" time="0.06"/>
  <testcase classname="com.crm.qa.testcases.HomePageTest" name="verifyHomePageTitleTest" time="0.033"/>
  <testcase classname="com.crm.qa.testcases.ContactsPageTest" name="contactsSearchByStatusTest" time="1.62"/>
  <testcase classname="com.crm.qa.testcases.LoginPageTest" name="crmLogoTest" time="0.254"/>
  <testcase classname="com.crm.qa.testcases.HomePageTest" name="verifyHomepageUserTest" time="0.17"/>
  <testcase classname="com.crm.qa.testcases.LoginPageTest" name="LoginTest" time="11.865"/>
  <testcase classname="com.crm.qa.testcases.HomePageTest" name="contacsPageNavigationTest" time="0.004">
    <failure type="java.lang.Error" message="Unresolved compilation problem: 
	Type mismatch: cannot convert from void to ContactsPage
">
      <![CDATA[java.lang.Error: Unresolved compilation problem: 
	Type mismatch: cannot convert from void to ContactsPage

	at com.crm.qa.testcases.HomePageTest.contacsPageNavigationTest(HomePageTest.java:49)
... Removed 25 stack frames]]>
    </failure>
  </testcase> <!-- contacsPageNavigationTest -->
  <testcase classname="com.crm.qa.testcases.ContactsPageTest" name="createNewContactTest" time="0.0">
    <skipped/>
  </testcase> <!-- createNewContactTest -->
</testsuite> <!-- Free CRM App Test Cases -->
